Determining if the pthread_create exist failed with the following output:
Change Dir: /ws/build/CMakeFiles/CMakeTmp

Run Build Command:"/usr/bin/make" "cmTC_a8943/fast"
/usr/bin/make -f CMakeFiles/cmTC_a8943.dir/build.make CMakeFiles/cmTC_a8943.dir/build
make[1]: Entering directory '/ws/build/CMakeFiles/CMakeTmp'
Building C object CMakeFiles/cmTC_a8943.dir/CheckSymbolExists.c.o
/usr/bin/gcc     -o CMakeFiles/cmTC_a8943.dir/CheckSymbolExists.c.o   -c /ws/build/CMakeFiles/CMakeTmp/CheckSymbolExists.c
Linking C executable cmTC_a8943
/usr/bin/cmake -E cmake_link_script CMakeFiles/cmTC_a8943.dir/link.txt --verbose=1
/usr/bin/gcc       CMakeFiles/cmTC_a8943.dir/CheckSymbolExists.c.o  -o cmTC_a8943 -rdynamic 
CMakeFiles/cmTC_a8943.dir/CheckSymbolExists.c.o: In function `main':
CheckSymbolExists.c:(.text+0x16): undefined reference to `pthread_create'
collect2: error: ld returned 1 exit status
CMakeFiles/cmTC_a8943.dir/build.make:97: recipe for target 'cmTC_a8943' failed
make[1]: *** [cmTC_a8943] Error 1
make[1]: Leaving directory '/ws/build/CMakeFiles/CMakeTmp'
Makefile:126: recipe for target 'cmTC_a8943/fast' failed
make: *** [cmTC_a8943/fast] Error 2

File /ws/build/CMakeFiles/CMakeTmp/CheckSymbolExists.c:
/* */
#include <pthread.h>

int main(int argc, char** argv)
{
  (void)argv;
#ifndef pthread_create
  return ((int*)(&pthread_create))[argc];
#else
  (void)argc;
  return 0;
#endif
}

Determining if the function pthread_create exists in the pthreads failed with the following output:
Change Dir: /ws/build/CMakeFiles/CMakeTmp

Run Build Command:"/usr/bin/make" "cmTC_89c57/fast"
/usr/bin/make -f CMakeFiles/cmTC_89c57.dir/build.make CMakeFiles/cmTC_89c57.dir/build
make[1]: Entering directory '/ws/build/CMakeFiles/CMakeTmp'
Building C object CMakeFiles/cmTC_89c57.dir/CheckFunctionExists.c.o
/usr/bin/gcc    -DCHECK_FUNCTION_EXISTS=pthread_create   -o CMakeFiles/cmTC_89c57.dir/CheckFunctionExists.c.o   -c /usr/share/cmake-3.5/Modules/CheckFunctionExists.c
Linking C executable cmTC_89c57
/usr/bin/cmake -E cmake_link_script CMakeFiles/cmTC_89c57.dir/link.txt --verbose=1
/usr/bin/gcc   -DCHECK_FUNCTION_EXISTS=pthread_create    CMakeFiles/cmTC_89c57.dir/CheckFunctionExists.c.o  -o cmTC_89c57 -rdynamic -lpthreads 
/usr/bin/ld: cannot find -lpthreads
collect2: error: ld returned 1 exit status
CMakeFiles/cmTC_89c57.dir/build.make:97: recipe for target 'cmTC_89c57' failed
make[1]: *** [cmTC_89c57] Error 1
make[1]: Leaving directory '/ws/build/CMakeFiles/CMakeTmp'
Makefile:126: recipe for target 'cmTC_89c57/fast' failed
make: *** [cmTC_89c57/fast] Error 2


